[${project.name}][${env:SERVER_PORT}] 2021-12-13 15:50:03,116 INFO [main][SpringApplication.java:675] - No active profile set, falling back to default profiles: default
[${project.name}][${env:SERVER_PORT}] 2021-12-13 15:50:03,626 WARN [main][EndpointId.java:135] - Endpoint ID 'service-registry' contains invalid characters, please migrate to a valid format.
[${project.name}][${env:SERVER_PORT}] 2021-12-13 15:50:03,797 INFO [main][GenericScope.java:294] - BeanFactory id=6d729aa7-4e4e-3437-99f6-983f7b111fc5
[${project.name}][${env:SERVER_PORT}] 2021-12-13 15:50:03,867 INFO [main][PostProcessorRegistrationDelegate.java:330] - Bean 'org.springframework.cloud.autoconfigure.ConfigurationPropertiesRebinderAutoConfiguration' of type [org.springframework.cloud.autoconfigure.ConfigurationPropertiesRebinderAutoConfiguration$$EnhancerBySpringCGLIB$$ba324b1d] is not eligible for getting processed by all BeanPostProcessors (for example: not eligible for auto-proxying)
[${project.name}][${env:SERVER_PORT}] 2021-12-13 15:50:04,207 INFO [main][TomcatWebServer.java:90] - Tomcat initialized with port(s): 53000 (http)
[${project.name}][${env:SERVER_PORT}] 2021-12-13 15:50:04,227 INFO [main][DirectJDKLog.java:173] - Initializing ProtocolHandler ["http-nio-53000"]
[${project.name}][${env:SERVER_PORT}] 2021-12-13 15:50:04,227 INFO [main][DirectJDKLog.java:173] - Starting service [Tomcat]
[${project.name}][${env:SERVER_PORT}] 2021-12-13 15:50:04,227 INFO [main][DirectJDKLog.java:173] - Starting Servlet engine: [Apache Tomcat/9.0.16]
[${project.name}][${env:SERVER_PORT}] 2021-12-13 15:50:04,237 INFO [main][DirectJDKLog.java:173] - The APR based Apache Tomcat Native library which allows optimal performance in production environments was not found on the java.library.path: [D:\JAVA\jdk1.8.0_202\bin;C:\WINDOWS\Sun\Java\bin;C:\WINDOWS\system32;C:\WINDOWS;C:\Python39\Scripts\;C:\Python39\;C:\Windows\system32;C:\Windows;C:\Windows\System32\Wbem;C:\Windows\System32\WindowsPowerShell\v1.0\;C:\Program Files (x86)\NVIDIA Corporation\PhysX\Common;D:\JAVA\apache-maven-3.8.1\apache-maven-3.8.1\bin;D:\JAVA\jdk1.8.0_202\bin;D:\JAVA\jdk1.8.0_202\jre\bin;C:\Program Files\NVIDIA Corporation\NVIDIA NvDLISR;C:\Program Files\dotnet\;C:\Program Files (x86)\dotnet\;C:\Program Files\nodejs\;C:\ProgramData\chocolatey\bin;D:\Microsoft VS Code\bin;C:\WINDOWS\system32;C:\WINDOWS;C:\WINDOWS\System32\Wbem;C:\WINDOWS\System32\WindowsPowerShell\v1.0\;C:\WINDOWS\System32\OpenSSH\;D:\redis\;C:\Python39;C:\Ruby26-x64\bin;C:\Users\可爱多\AppData\Local\Microsoft\WindowsApps;C:\Program Files\JetBrains\IntelliJ IDEA 2021.1.2\bin;;C:\Program Files\Git\bin;C:\Program Files\Git\mingw64\libexec\git-core;C:\Program Files\Git\mingw64\bin;C:\Users\可爱多\AppData\Roaming\npm;.]
[${project.name}][${env:SERVER_PORT}] 2021-12-13 15:50:04,437 INFO [main][DirectJDKLog.java:173] - Initializing Spring embedded WebApplicationContext
[${project.name}][${env:SERVER_PORT}] 2021-12-13 15:50:04,437 INFO [main][ServletWebServerApplicationContext.java:296] - Root WebApplicationContext: initialization completed in 1311 ms
[${project.name}][${env:SERVER_PORT}] 2021-12-13 15:50:04,527 WARN [main][URLConfigurationSource.java:121] - No URLs will be polled as dynamic configuration sources.
[${project.name}][${env:SERVER_PORT}] 2021-12-13 15:50:04,527 INFO [main][URLConfigurationSource.java:122] - To enable URLs as dynamic configuration sources, define System property archaius.configurationSource.additionalUrls or make config.properties available on classpath.
[${project.name}][${env:SERVER_PORT}] 2021-12-13 15:50:04,537 INFO [main][DynamicPropertyFactory.java:281] - DynamicPropertyFactory is initialized with configuration sources: com.netflix.config.ConcurrentCompositeConfiguration@367f0121
[${project.name}][${env:SERVER_PORT}] 2021-12-13 15:50:06,148 INFO [main][InetUtils.java:170] - Cannot determine local hostname
[${project.name}][${env:SERVER_PORT}] 2021-12-13 15:50:06,348 INFO [main][WebApplicationImpl.java:815] - Initiating Jersey application, version 'Jersey: 1.19.1 03/11/2016 02:08 PM'
[${project.name}][${env:SERVER_PORT}] 2021-12-13 15:50:06,408 INFO [main][DiscoveryJerseyProvider.java:70] - Using JSON encoding codec LegacyJacksonJson
[${project.name}][${env:SERVER_PORT}] 2021-12-13 15:50:06,408 INFO [main][DiscoveryJerseyProvider.java:71] - Using JSON decoding codec LegacyJacksonJson
[${project.name}][${env:SERVER_PORT}] 2021-12-13 15:50:06,588 INFO [main][DiscoveryJerseyProvider.java:80] - Using XML encoding codec XStreamXml
[${project.name}][${env:SERVER_PORT}] 2021-12-13 15:50:06,588 INFO [main][DiscoveryJerseyProvider.java:81] - Using XML decoding codec XStreamXml
[${project.name}][${env:SERVER_PORT}] 2021-12-13 15:50:06,938 WARN [main][URLConfigurationSource.java:121] - No URLs will be polled as dynamic configuration sources.
[${project.name}][${env:SERVER_PORT}] 2021-12-13 15:50:06,938 INFO [main][URLConfigurationSource.java:122] - To enable URLs as dynamic configuration sources, define System property archaius.configurationSource.additionalUrls or make config.properties available on classpath.
[${project.name}][${env:SERVER_PORT}] 2021-12-13 15:50:07,068 INFO [main][ExecutorConfigurationSupport.java:171] - Initializing ExecutorService 'applicationTaskExecutor'
[${project.name}][${env:SERVER_PORT}] 2021-12-13 15:50:08,748 INFO [main][InetUtils.java:170] - Cannot determine local hostname
[${project.name}][${env:SERVER_PORT}] 2021-12-13 15:50:08,798 INFO [main][InstanceInfoFactory.java:71] - Setting initial instance status as: STARTING
[${project.name}][${env:SERVER_PORT}] 2021-12-13 15:50:08,818 INFO [main][DiscoveryClient.java:349] - Initializing Eureka in region us-east-1
[${project.name}][${env:SERVER_PORT}] 2021-12-13 15:50:08,818 INFO [main][DiscoveryClient.java:352] - Client configured to neither register nor query for data.
[${project.name}][${env:SERVER_PORT}] 2021-12-13 15:50:08,828 INFO [main][DiscoveryClient.java:365] - Discovery Client initialized at timestamp 1639381808828 with initial instances count: 0
[${project.name}][${env:SERVER_PORT}] 2021-12-13 15:50:08,868 INFO [main][DefaultEurekaServerContext.java:63] - Initializing ...
[${project.name}][${env:SERVER_PORT}] 2021-12-13 15:50:08,868 INFO [main][PeerEurekaNodes.java:188] - Adding new peer nodes [http://localhost:53000/eureka/]
[${project.name}][${env:SERVER_PORT}] 2021-12-13 15:50:09,690 INFO [main][DiscoveryJerseyProvider.java:70] - Using JSON encoding codec LegacyJacksonJson
[${project.name}][${env:SERVER_PORT}] 2021-12-13 15:50:09,690 INFO [main][DiscoveryJerseyProvider.java:71] - Using JSON decoding codec LegacyJacksonJson
[${project.name}][${env:SERVER_PORT}] 2021-12-13 15:50:09,690 INFO [main][DiscoveryJerseyProvider.java:80] - Using XML encoding codec XStreamXml
[${project.name}][${env:SERVER_PORT}] 2021-12-13 15:50:09,690 INFO [main][DiscoveryJerseyProvider.java:81] - Using XML decoding codec XStreamXml
[${project.name}][${env:SERVER_PORT}] 2021-12-13 15:50:09,770 INFO [main][PeerEurekaNodes.java:110] - Replica node URL:  http://localhost:53000/eureka/
[${project.name}][${env:SERVER_PORT}] 2021-12-13 15:50:09,780 INFO [main][AbstractInstanceRegistry.java:151] - Finished initializing remote region registries. All known remote regions: []
[${project.name}][${env:SERVER_PORT}] 2021-12-13 15:50:09,780 INFO [main][DefaultEurekaServerContext.java:70] - Initialized
[${project.name}][${env:SERVER_PORT}] 2021-12-13 15:50:09,790 INFO [main][EndpointLinksResolver.java:59] - Exposing 2 endpoint(s) beneath base path '/actuator'
[${project.name}][${env:SERVER_PORT}] 2021-12-13 15:50:09,860 INFO [main][EurekaServiceRegistry.java:42] - Registering application XIANYU-DISCOVER with eureka with status UP
[${project.name}][${env:SERVER_PORT}] 2021-12-13 15:50:09,860 INFO [Thread-33][EurekaServerBootstrap.java:109] - Setting the eureka configuration..
[${project.name}][${env:SERVER_PORT}] 2021-12-13 15:50:09,860 INFO [Thread-33][EurekaServerBootstrap.java:114] - Eureka data center value eureka.datacenter is not set, defaulting to default
[${project.name}][${env:SERVER_PORT}] 2021-12-13 15:50:09,860 INFO [Thread-33][EurekaServerBootstrap.java:128] - Eureka environment value eureka.environment is not set, defaulting to test
[${project.name}][${env:SERVER_PORT}] 2021-12-13 15:50:09,870 INFO [Thread-33][EurekaServerBootstrap.java:184] - isAws returned false
[${project.name}][${env:SERVER_PORT}] 2021-12-13 15:50:09,870 INFO [Thread-33][EurekaServerBootstrap.java:152] - Initialized server context
[${project.name}][${env:SERVER_PORT}] 2021-12-13 15:50:09,870 INFO [Thread-33][PeerAwareInstanceRegistryImpl.java:241] - Got 1 instances from neighboring DS node
[${project.name}][${env:SERVER_PORT}] 2021-12-13 15:50:09,870 INFO [Thread-33][PeerAwareInstanceRegistryImpl.java:242] - Renew threshold is: 1
[${project.name}][${env:SERVER_PORT}] 2021-12-13 15:50:09,870 INFO [Thread-33][PeerAwareInstanceRegistryImpl.java:253] - Changing status to UP
[${project.name}][${env:SERVER_PORT}] 2021-12-13 15:50:09,880 INFO [main][DirectJDKLog.java:173] - Starting ProtocolHandler ["http-nio-53000"]
[${project.name}][${env:SERVER_PORT}] 2021-12-13 15:50:09,880 INFO [Thread-33][EurekaServerInitializerConfiguration.java:72] - Started Eureka Server
[${project.name}][${env:SERVER_PORT}] 2021-12-13 15:50:09,890 INFO [main][TomcatWebServer.java:204] - Tomcat started on port(s): 53000 (http) with context path ''
[${project.name}][${env:SERVER_PORT}] 2021-12-13 15:50:09,890 INFO [main][EurekaAutoServiceRegistration.java:141] - Updating port to 53000
[${project.name}][${env:SERVER_PORT}] 2021-12-13 15:50:09,900 INFO [main][StartupInfoLogger.java:59] - Started DiscoverServer in 10.477 seconds (JVM running for 12.677)
[${project.name}][${env:SERVER_PORT}] 2021-12-13 15:50:10,632 INFO [RMI TCP Connection(2)-192.168.92.1][DirectJDKLog.java:173] - Initializing Spring DispatcherServlet 'dispatcherServlet'
[${project.name}][${env:SERVER_PORT}] 2021-12-13 15:50:10,632 INFO [RMI TCP Connection(2)-192.168.92.1][FrameworkServlet.java:524] - Initializing Servlet 'dispatcherServlet'
[${project.name}][${env:SERVER_PORT}] 2021-12-13 15:50:10,642 INFO [RMI TCP Connection(2)-192.168.92.1][FrameworkServlet.java:546] - Completed initialization in 10 ms
[${project.name}][${env:SERVER_PORT}] 2021-12-13 15:50:19,885 INFO [Eureka-EvictionTimer][AbstractInstanceRegistry.java:1250] - Running the evict task with compensationTime 0ms
[${project.name}][${env:SERVER_PORT}] 2021-12-13 15:50:29,890 INFO [Eureka-EvictionTimer][AbstractInstanceRegistry.java:1250] - Running the evict task with compensationTime 5ms
[${project.name}][${env:SERVER_PORT}] 2021-12-13 15:50:39,897 INFO [Eureka-EvictionTimer][AbstractInstanceRegistry.java:1250] - Running the evict task with compensationTime 7ms
[${project.name}][${env:SERVER_PORT}] 2021-12-13 15:50:49,902 INFO [Eureka-EvictionTimer][AbstractInstanceRegistry.java:1250] - Running the evict task with compensationTime 4ms
[${project.name}][${env:SERVER_PORT}] 2021-12-13 15:50:59,910 INFO [Eureka-EvictionTimer][AbstractInstanceRegistry.java:1250] - Running the evict task with compensationTime 8ms
[${project.name}][${env:SERVER_PORT}] 2021-12-13 15:51:09,914 INFO [Eureka-EvictionTimer][AbstractInstanceRegistry.java:1250] - Running the evict task with compensationTime 3ms
[${project.name}][${env:SERVER_PORT}] 2021-12-13 15:51:19,918 INFO [Eureka-EvictionTimer][AbstractInstanceRegistry.java:1250] - Running the evict task with compensationTime 4ms
[${project.name}][${env:SERVER_PORT}] 2021-12-13 15:51:29,926 INFO [Eureka-EvictionTimer][AbstractInstanceRegistry.java:1250] - Running the evict task with compensationTime 8ms
[${project.name}][${env:SERVER_PORT}] 2021-12-13 15:51:39,930 INFO [Eureka-EvictionTimer][AbstractInstanceRegistry.java:1250] - Running the evict task with compensationTime 3ms
[${project.name}][${env:SERVER_PORT}] 2021-12-13 15:51:49,932 INFO [Eureka-EvictionTimer][AbstractInstanceRegistry.java:1250] - Running the evict task with compensationTime 2ms
[${project.name}][${env:SERVER_PORT}] 2021-12-13 15:51:59,937 INFO [Eureka-EvictionTimer][AbstractInstanceRegistry.java:1250] - Running the evict task with compensationTime 4ms
[${project.name}][${env:SERVER_PORT}] 2021-12-13 15:52:09,941 INFO [Eureka-EvictionTimer][AbstractInstanceRegistry.java:1250] - Running the evict task with compensationTime 4ms
[${project.name}][${env:SERVER_PORT}] 2021-12-13 15:52:19,944 INFO [Eureka-EvictionTimer][AbstractInstanceRegistry.java:1250] - Running the evict task with compensationTime 2ms
[${project.name}][${env:SERVER_PORT}] 2021-12-13 15:52:29,951 INFO [Eureka-EvictionTimer][AbstractInstanceRegistry.java:1250] - Running the evict task with compensationTime 6ms
[${project.name}][${env:SERVER_PORT}] 2021-12-13 15:52:39,951 INFO [Eureka-EvictionTimer][AbstractInstanceRegistry.java:1250] - Running the evict task with compensationTime 1ms
[${project.name}][${env:SERVER_PORT}] 2021-12-13 15:52:49,957 INFO [Eureka-EvictionTimer][AbstractInstanceRegistry.java:1250] - Running the evict task with compensationTime 5ms
[${project.name}][${env:SERVER_PORT}] 2021-12-13 15:52:59,962 INFO [Eureka-EvictionTimer][AbstractInstanceRegistry.java:1250] - Running the evict task with compensationTime 4ms
[${project.name}][${env:SERVER_PORT}] 2021-12-13 15:53:09,967 INFO [Eureka-EvictionTimer][AbstractInstanceRegistry.java:1250] - Running the evict task with compensationTime 4ms
[${project.name}][${env:SERVER_PORT}] 2021-12-13 15:53:19,971 INFO [Eureka-EvictionTimer][AbstractInstanceRegistry.java:1250] - Running the evict task with compensationTime 4ms
[${project.name}][${env:SERVER_PORT}] 2021-12-13 15:53:29,976 INFO [Eureka-EvictionTimer][AbstractInstanceRegistry.java:1250] - Running the evict task with compensationTime 4ms
[${project.name}][${env:SERVER_PORT}] 2021-12-13 15:53:39,979 INFO [Eureka-EvictionTimer][AbstractInstanceRegistry.java:1250] - Running the evict task with compensationTime 3ms
[${project.name}][${env:SERVER_PORT}] 2021-12-13 15:53:49,980 INFO [Eureka-EvictionTimer][AbstractInstanceRegistry.java:1250] - Running the evict task with compensationTime 0ms
[${project.name}][${env:SERVER_PORT}] 2021-12-13 15:53:59,981 INFO [Eureka-EvictionTimer][AbstractInstanceRegistry.java:1250] - Running the evict task with compensationTime 1ms
[${project.name}][${env:SERVER_PORT}] 2021-12-13 15:54:09,990 INFO [Eureka-EvictionTimer][AbstractInstanceRegistry.java:1250] - Running the evict task with compensationTime 9ms
[${project.name}][${env:SERVER_PORT}] 2021-12-13 15:54:19,998 INFO [Eureka-EvictionTimer][AbstractInstanceRegistry.java:1250] - Running the evict task with compensationTime 7ms
[${project.name}][${env:SERVER_PORT}] 2021-12-13 15:54:30,007 INFO [Eureka-EvictionTimer][AbstractInstanceRegistry.java:1250] - Running the evict task with compensationTime 8ms
[${project.name}][${env:SERVER_PORT}] 2021-12-13 15:54:40,012 INFO [Eureka-EvictionTimer][AbstractInstanceRegistry.java:1250] - Running the evict task with compensationTime 5ms
[${project.name}][${env:SERVER_PORT}] 2021-12-13 15:54:50,022 INFO [Eureka-EvictionTimer][AbstractInstanceRegistry.java:1250] - Running the evict task with compensationTime 9ms
[${project.name}][${env:SERVER_PORT}] 2021-12-13 15:55:00,031 INFO [Eureka-EvictionTimer][AbstractInstanceRegistry.java:1250] - Running the evict task with compensationTime 8ms
[${project.name}][${env:SERVER_PORT}] 2021-12-13 15:55:10,031 INFO [Eureka-EvictionTimer][AbstractInstanceRegistry.java:1250] - Running the evict task with compensationTime 0ms
[${project.name}][${env:SERVER_PORT}] 2021-12-13 15:55:20,041 INFO [Eureka-EvictionTimer][AbstractInstanceRegistry.java:1250] - Running the evict task with compensationTime 9ms
[${project.name}][${env:SERVER_PORT}] 2021-12-13 15:55:30,041 INFO [Eureka-EvictionTimer][AbstractInstanceRegistry.java:1250] - Running the evict task with compensationTime 0ms
[${project.name}][${env:SERVER_PORT}] 2021-12-13 15:55:40,051 INFO [Eureka-EvictionTimer][AbstractInstanceRegistry.java:1250] - Running the evict task with compensationTime 9ms
[${project.name}][${env:SERVER_PORT}] 2021-12-13 15:55:50,061 INFO [Eureka-EvictionTimer][AbstractInstanceRegistry.java:1250] - Running the evict task with compensationTime 9ms
[${project.name}][${env:SERVER_PORT}] 2021-12-13 15:56:00,061 INFO [Eureka-EvictionTimer][AbstractInstanceRegistry.java:1250] - Running the evict task with compensationTime 0ms
[${project.name}][${env:SERVER_PORT}] 2021-12-13 15:56:10,062 INFO [Eureka-EvictionTimer][AbstractInstanceRegistry.java:1250] - Running the evict task with compensationTime 1ms
[${project.name}][${env:SERVER_PORT}] 2021-12-13 15:56:20,072 INFO [Eureka-EvictionTimer][AbstractInstanceRegistry.java:1250] - Running the evict task with compensationTime 9ms
[${project.name}][${env:SERVER_PORT}] 2021-12-13 15:56:30,081 INFO [Eureka-EvictionTimer][AbstractInstanceRegistry.java:1250] - Running the evict task with compensationTime 9ms
[${project.name}][${env:SERVER_PORT}] 2021-12-13 15:56:40,082 INFO [Eureka-EvictionTimer][AbstractInstanceRegistry.java:1250] - Running the evict task with compensationTime 0ms
[${project.name}][${env:SERVER_PORT}] 2021-12-13 15:56:50,091 INFO [Eureka-EvictionTimer][AbstractInstanceRegistry.java:1250] - Running the evict task with compensationTime 9ms
[${project.name}][${env:SERVER_PORT}] 2021-12-13 15:57:00,101 INFO [Eureka-EvictionTimer][AbstractInstanceRegistry.java:1250] - Running the evict task with compensationTime 10ms
[${project.name}][${env:SERVER_PORT}] 2021-12-13 15:57:10,101 INFO [Eureka-EvictionTimer][AbstractInstanceRegistry.java:1250] - Running the evict task with compensationTime 0ms
[${project.name}][${env:SERVER_PORT}] 2021-12-13 15:57:20,110 INFO [Eureka-EvictionTimer][AbstractInstanceRegistry.java:1250] - Running the evict task with compensationTime 8ms
[${project.name}][${env:SERVER_PORT}] 2021-12-13 15:57:30,116 INFO [Eureka-EvictionTimer][AbstractInstanceRegistry.java:1250] - Running the evict task with compensationTime 6ms
[${project.name}][${env:SERVER_PORT}] 2021-12-13 15:57:40,120 INFO [Eureka-EvictionTimer][AbstractInstanceRegistry.java:1250] - Running the evict task with compensationTime 4ms
[${project.name}][${env:SERVER_PORT}] 2021-12-13 15:57:50,122 INFO [Eureka-EvictionTimer][AbstractInstanceRegistry.java:1250] - Running the evict task with compensationTime 1ms
[${project.name}][${env:SERVER_PORT}] 2021-12-13 15:58:00,122 INFO [Eureka-EvictionTimer][AbstractInstanceRegistry.java:1250] - Running the evict task with compensationTime 0ms
[${project.name}][${env:SERVER_PORT}] 2021-12-13 15:58:10,131 INFO [Eureka-EvictionTimer][AbstractInstanceRegistry.java:1250] - Running the evict task with compensationTime 8ms
[${project.name}][${env:SERVER_PORT}] 2021-12-13 15:58:20,131 INFO [Eureka-EvictionTimer][AbstractInstanceRegistry.java:1250] - Running the evict task with compensationTime 0ms
[${project.name}][${env:SERVER_PORT}] 2021-12-13 15:58:30,141 INFO [Eureka-EvictionTimer][AbstractInstanceRegistry.java:1250] - Running the evict task with compensationTime 9ms
[${project.name}][${env:SERVER_PORT}] 2021-12-13 15:58:40,142 INFO [Eureka-EvictionTimer][AbstractInstanceRegistry.java:1250] - Running the evict task with compensationTime 1ms
[${project.name}][${env:SERVER_PORT}] 2021-12-13 15:58:50,151 INFO [Eureka-EvictionTimer][AbstractInstanceRegistry.java:1250] - Running the evict task with compensationTime 8ms
[${project.name}][${env:SERVER_PORT}] 2021-12-13 15:59:00,160 INFO [Eureka-EvictionTimer][AbstractInstanceRegistry.java:1250] - Running the evict task with compensationTime 8ms
[${project.name}][${env:SERVER_PORT}] 2021-12-13 15:59:10,166 INFO [Eureka-EvictionTimer][AbstractInstanceRegistry.java:1250] - Running the evict task with compensationTime 6ms
[${project.name}][${env:SERVER_PORT}] 2021-12-13 15:59:20,171 INFO [Eureka-EvictionTimer][AbstractInstanceRegistry.java:1250] - Running the evict task with compensationTime 5ms
[${project.name}][${env:SERVER_PORT}] 2021-12-13 15:59:30,182 INFO [Eureka-EvictionTimer][AbstractInstanceRegistry.java:1250] - Running the evict task with compensationTime 10ms
[${project.name}][${env:SERVER_PORT}] 2021-12-13 15:59:40,195 INFO [Eureka-EvictionTimer][AbstractInstanceRegistry.java:1250] - Running the evict task with compensationTime 13ms
[${project.name}][${env:SERVER_PORT}] 2021-12-13 15:59:50,206 INFO [Eureka-EvictionTimer][AbstractInstanceRegistry.java:1250] - Running the evict task with compensationTime 11ms
