[${project.name}][${env:SERVER_PORT}] 2021-12-13 19:18:13,157 INFO [main][SpringApplication.java:675] - No active profile set, falling back to default profiles: default
[${project.name}][${env:SERVER_PORT}] 2021-12-13 19:18:13,837 INFO [main][RepositoryConfigurationDelegate.java:244] - Multiple Spring Data modules found, entering strict repository configuration mode!
[${project.name}][${env:SERVER_PORT}] 2021-12-13 19:18:13,837 INFO [main][RepositoryConfigurationDelegate.java:126] - Bootstrapping Spring Data repositories in DEFAULT mode.
[${project.name}][${env:SERVER_PORT}] 2021-12-13 19:18:13,867 INFO [main][RepositoryConfigurationDelegate.java:182] - Finished Spring Data repository scanning in 20ms. Found 0 repository interfaces.
[${project.name}][${env:SERVER_PORT}] 2021-12-13 19:18:13,947 WARN [main][EndpointId.java:135] - Endpoint ID 'service-registry' contains invalid characters, please migrate to a valid format.
[${project.name}][${env:SERVER_PORT}] 2021-12-13 19:18:14,047 WARN [main][Logger.java:44] - Skipping MapperFactoryBean with name 'sysCaptchaDao' and 'cn.itcast.xianyu.account.mapper.SysCaptchaDao' mapperInterface. Bean already defined with the same name!
[${project.name}][${env:SERVER_PORT}] 2021-12-13 19:18:14,057 WARN [main][Logger.java:44] - Skipping MapperFactoryBean with name 'sysConfigDao' and 'cn.itcast.xianyu.account.mapper.SysConfigDao' mapperInterface. Bean already defined with the same name!
[${project.name}][${env:SERVER_PORT}] 2021-12-13 19:18:14,057 WARN [main][Logger.java:44] - Skipping MapperFactoryBean with name 'sysLogDao' and 'cn.itcast.xianyu.account.mapper.SysLogDao' mapperInterface. Bean already defined with the same name!
[${project.name}][${env:SERVER_PORT}] 2021-12-13 19:18:14,057 WARN [main][Logger.java:44] - Skipping MapperFactoryBean with name 'sysMenuDao' and 'cn.itcast.xianyu.account.mapper.SysMenuDao' mapperInterface. Bean already defined with the same name!
[${project.name}][${env:SERVER_PORT}] 2021-12-13 19:18:14,057 WARN [main][Logger.java:44] - Skipping MapperFactoryBean with name 'sysRoleDao' and 'cn.itcast.xianyu.account.mapper.SysRoleDao' mapperInterface. Bean already defined with the same name!
[${project.name}][${env:SERVER_PORT}] 2021-12-13 19:18:14,057 WARN [main][Logger.java:44] - Skipping MapperFactoryBean with name 'sysRoleMenuDao' and 'cn.itcast.xianyu.account.mapper.SysRoleMenuDao' mapperInterface. Bean already defined with the same name!
[${project.name}][${env:SERVER_PORT}] 2021-12-13 19:18:14,057 WARN [main][Logger.java:44] - Skipping MapperFactoryBean with name 'sysUserDao' and 'cn.itcast.xianyu.account.mapper.SysUserDao' mapperInterface. Bean already defined with the same name!
[${project.name}][${env:SERVER_PORT}] 2021-12-13 19:18:14,057 WARN [main][Logger.java:44] - Skipping MapperFactoryBean with name 'sysUserRoleDao' and 'cn.itcast.xianyu.account.mapper.SysUserRoleDao' mapperInterface. Bean already defined with the same name!
[${project.name}][${env:SERVER_PORT}] 2021-12-13 19:18:14,057 WARN [main][Logger.java:44] - Skipping MapperFactoryBean with name 'sysUserTokenDao' and 'cn.itcast.xianyu.account.mapper.SysUserTokenDao' mapperInterface. Bean already defined with the same name!
[${project.name}][${env:SERVER_PORT}] 2021-12-13 19:18:14,057 WARN [main][Logger.java:44] - No MyBatis mapper was found in '[cn.itcast.xianyu.account.mapper]' package. Please check your configuration.
[${project.name}][${env:SERVER_PORT}] 2021-12-13 19:18:14,177 INFO [main][GenericScope.java:294] - BeanFactory id=da5c8bae-cf91-3a63-9b36-3eab1def7c7b
[${project.name}][${env:SERVER_PORT}] 2021-12-13 19:18:14,267 INFO [main][PostProcessorRegistrationDelegate.java:330] - Bean 'org.springframework.transaction.annotation.ProxyTransactionManagementConfiguration' of type [org.springframework.transaction.annotation.ProxyTransactionManagementConfiguration$$EnhancerBySpringCGLIB$$5320259a] is not eligible for getting processed by all BeanPostProcessors (for example: not eligible for auto-proxying)
[${project.name}][${env:SERVER_PORT}] 2021-12-13 19:18:14,357 INFO [main][PostProcessorRegistrationDelegate.java:330] - Bean 'hmilyFeignConfiguration' of type [org.dromara.hmily.springcloud.configuration.HmilyFeignConfiguration$$EnhancerBySpringCGLIB$$81713e66] is not eligible for getting processed by all BeanPostProcessors (for example: not eligible for auto-proxying)
[${project.name}][${env:SERVER_PORT}] 2021-12-13 19:18:14,367 INFO [main][PostProcessorRegistrationDelegate.java:330] - Bean 'org.springframework.cloud.autoconfigure.ConfigurationPropertiesRebinderAutoConfiguration' of type [org.springframework.cloud.autoconfigure.ConfigurationPropertiesRebinderAutoConfiguration$$EnhancerBySpringCGLIB$$6f3a2897] is not eligible for getting processed by all BeanPostProcessors (for example: not eligible for auto-proxying)
[${project.name}][${env:SERVER_PORT}] 2021-12-13 19:18:14,607 INFO [main][TomcatWebServer.java:90] - Tomcat initialized with port(s): 10011 (http)
[${project.name}][${env:SERVER_PORT}] 2021-12-13 19:18:14,617 INFO [main][DirectJDKLog.java:173] - Initializing ProtocolHandler ["http-nio-10011"]
[${project.name}][${env:SERVER_PORT}] 2021-12-13 19:18:14,627 INFO [main][DirectJDKLog.java:173] - Starting service [Tomcat]
[${project.name}][${env:SERVER_PORT}] 2021-12-13 19:18:14,627 INFO [main][DirectJDKLog.java:173] - Starting Servlet engine: [Apache Tomcat/9.0.16]
[${project.name}][${env:SERVER_PORT}] 2021-12-13 19:18:14,637 INFO [main][DirectJDKLog.java:173] - The APR based Apache Tomcat Native library which allows optimal performance in production environments was not found on the java.library.path: [D:\JAVA\jdk1.8.0_202\bin;C:\WINDOWS\Sun\Java\bin;C:\WINDOWS\system32;C:\WINDOWS;C:\Python39\Scripts\;C:\Python39\;C:\Windows\system32;C:\Windows;C:\Windows\System32\Wbem;C:\Windows\System32\WindowsPowerShell\v1.0\;C:\Program Files (x86)\NVIDIA Corporation\PhysX\Common;D:\JAVA\apache-maven-3.8.1\apache-maven-3.8.1\bin;D:\JAVA\jdk1.8.0_202\bin;D:\JAVA\jdk1.8.0_202\jre\bin;C:\Program Files\NVIDIA Corporation\NVIDIA NvDLISR;C:\Program Files\dotnet\;C:\Program Files (x86)\dotnet\;C:\Program Files\nodejs\;C:\ProgramData\chocolatey\bin;D:\Microsoft VS Code\bin;C:\WINDOWS\system32;C:\WINDOWS;C:\WINDOWS\System32\Wbem;C:\WINDOWS\System32\WindowsPowerShell\v1.0\;C:\WINDOWS\System32\OpenSSH\;D:\redis\;C:\Python39;C:\Ruby26-x64\bin;C:\Users\可爱多\AppData\Local\Microsoft\WindowsApps;C:\Program Files\JetBrains\IntelliJ IDEA 2021.1.2\bin;;C:\Program Files\Git\bin;C:\Program Files\Git\mingw64\libexec\git-core;C:\Program Files\Git\mingw64\bin;C:\Users\可爱多\AppData\Roaming\npm;.]
[${project.name}][${env:SERVER_PORT}] 2021-12-13 19:18:14,817 INFO [main][DirectJDKLog.java:173] - Initializing Spring embedded WebApplicationContext
[${project.name}][${env:SERVER_PORT}] 2021-12-13 19:18:14,817 INFO [main][ServletWebServerApplicationContext.java:296] - Root WebApplicationContext: initialization completed in 1650 ms
[${project.name}][${env:SERVER_PORT}] 2021-12-13 19:18:14,927 WARN [main][URLConfigurationSource.java:121] - No URLs will be polled as dynamic configuration sources.
[${project.name}][${env:SERVER_PORT}] 2021-12-13 19:18:14,927 INFO [main][URLConfigurationSource.java:122] - To enable URLs as dynamic configuration sources, define System property archaius.configurationSource.additionalUrls or make config.properties available on classpath.
[${project.name}][${env:SERVER_PORT}] 2021-12-13 19:18:14,937 INFO [main][DynamicPropertyFactory.java:281] - DynamicPropertyFactory is initialized with configuration sources: com.netflix.config.ConcurrentCompositeConfiguration@782fd504
[${project.name}][${env:SERVER_PORT}] 2021-12-13 19:18:15,077 INFO [main][DruidDataSourceAutoConfigure.java:56] - Init DruidDataSource
[${project.name}][${env:SERVER_PORT}] 2021-12-13 19:18:15,157 ERROR [main][TomcatStarter.java:62] - Error starting Tomcat context. Exception: org.springframework.beans.factory.BeanCreationException. Message: Error creating bean with name 'servletEndpointRegistrar' defined in class path resource [org/springframework/boot/actuate/autoconfigure/endpoint/web/ServletEndpointManagementContextConfiguration$WebMvcServletEndpointManagementContextConfiguration.class]: Bean instantiation via factory method failed; nested exception is org.springframework.beans.BeanInstantiationException: Failed to instantiate [org.springframework.boot.actuate.endpoint.web.ServletEndpointRegistrar]: Factory method 'servletEndpointRegistrar' threw exception; nested exception is org.springframework.beans.factory.UnsatisfiedDependencyException: Error creating bean with name 'healthEndpoint' defined in class path resource [org/springframework/boot/actuate/autoconfigure/health/HealthEndpointConfiguration.class]: Unsatisfied dependency expressed through method 'healthEndpoint' parameter 1; nested exception is org.springframework.beans.factory.BeanCreationException: Error creating bean with name 'healthIndicatorRegistry' defined in class path resource [org/springframework/boot/actuate/autoconfigure/health/HealthIndicatorAutoConfiguration.class]: Bean instantiation via factory method failed; nested exception is org.springframework.beans.BeanInstantiationException: Failed to instantiate [org.springframework.boot.actuate.health.HealthIndicatorRegistry]: Factory method 'healthIndicatorRegistry' threw exception; nested exception is org.springframework.beans.factory.UnsatisfiedDependencyException: Error creating bean with name 'org.springframework.boot.actuate.autoconfigure.jdbc.DataSourceHealthIndicatorAutoConfiguration': Unsatisfied dependency expressed through constructor parameter 0; nested exception is org.springframework.beans.factory.BeanCreationException: Error creating bean with name 'dataSource' defined in class path resource [com/alibaba/druid/spring/boot/autoconfigure/DruidDataSourceAutoConfigure.class]: Invocation of init method failed; nested exception is org.springframework.boot.autoconfigure.jdbc.DataSourceProperties$DataSourceBeanCreationException: Failed to determine a suitable driver class
[${project.name}][${env:SERVER_PORT}] 2021-12-13 19:18:15,177 INFO [main][DirectJDKLog.java:173] - Stopping service [Tomcat]
[${project.name}][${env:SERVER_PORT}] 2021-12-13 19:18:15,247 WARN [main][AbstractApplicationContext.java:557] - Exception encountered during context initialization - cancelling refresh attempt: org.springframework.context.ApplicationContextException: Unable to start web server; nested exception is org.springframework.boot.web.server.WebServerException: Unable to start embedded Tomcat
[${project.name}][${env:SERVER_PORT}] 2021-12-13 19:18:15,257 INFO [main][ConditionEvaluationReportLoggingListener.java:142] - 

Error starting ApplicationContext. To display the conditions report re-run your application with 'debug' enabled.
[${project.name}][${env:SERVER_PORT}] 2021-12-13 19:18:15,267 ERROR [main][LoggingFailureAnalysisReporter.java:42] - 

***************************
APPLICATION FAILED TO START
***************************

Description:

Failed to configure a DataSource: 'url' attribute is not specified and no embedded datasource could be configured.

Reason: Failed to determine a suitable driver class


Action:

Consider the following:
	If you want an embedded database (H2, HSQL or Derby), please put it on the classpath.
	If you have database settings to be loaded from a particular profile you may need to activate it (no profiles are currently active).

[${project.name}][${env:SERVER_PORT}] 2021-12-13 19:18:17,098 INFO [Eureka-EvictionTimer][AbstractInstanceRegistry.java:1250] - Running the evict task with compensationTime 1ms
[${project.name}][${env:SERVER_PORT}] 2021-12-13 19:18:27,103 INFO [Eureka-EvictionTimer][AbstractInstanceRegistry.java:1250] - Running the evict task with compensationTime 4ms
[${project.name}][${env:SERVER_PORT}] 2021-12-13 19:18:37,107 INFO [Eureka-EvictionTimer][AbstractInstanceRegistry.java:1250] - Running the evict task with compensationTime 4ms
[${project.name}][${env:SERVER_PORT}] 2021-12-13 19:18:47,116 INFO [Eureka-EvictionTimer][AbstractInstanceRegistry.java:1250] - Running the evict task with compensationTime 9ms
[${project.name}][${env:SERVER_PORT}] 2021-12-13 19:18:57,123 INFO [Eureka-EvictionTimer][AbstractInstanceRegistry.java:1250] - Running the evict task with compensationTime 7ms
[${project.name}][${env:SERVER_PORT}] 2021-12-13 19:19:07,127 INFO [Eureka-EvictionTimer][AbstractInstanceRegistry.java:1250] - Running the evict task with compensationTime 4ms
[${project.name}][${env:SERVER_PORT}] 2021-12-13 19:19:17,128 INFO [Eureka-EvictionTimer][AbstractInstanceRegistry.java:1250] - Running the evict task with compensationTime 1ms
[${project.name}][${env:SERVER_PORT}] 2021-12-13 19:19:27,129 INFO [Eureka-EvictionTimer][AbstractInstanceRegistry.java:1250] - Running the evict task with compensationTime 0ms
[${project.name}][${env:SERVER_PORT}] 2021-12-13 19:19:37,130 INFO [Eureka-EvictionTimer][AbstractInstanceRegistry.java:1250] - Running the evict task with compensationTime 1ms
[${project.name}][${env:SERVER_PORT}] 2021-12-13 19:19:47,138 INFO [Eureka-EvictionTimer][AbstractInstanceRegistry.java:1250] - Running the evict task with compensationTime 7ms
[${project.name}][${env:SERVER_PORT}] 2021-12-13 19:19:57,143 INFO [Eureka-EvictionTimer][AbstractInstanceRegistry.java:1250] - Running the evict task with compensationTime 5ms
[${project.name}][${env:SERVER_PORT}] 2021-12-13 19:20:07,144 INFO [Eureka-EvictionTimer][AbstractInstanceRegistry.java:1250] - Running the evict task with compensationTime 1ms
[${project.name}][${env:SERVER_PORT}] 2021-12-13 19:20:09,844 INFO [ReplicaAwareInstanceRegistry - RenewalThresholdUpdater][PeerAwareInstanceRegistryImpl.java:539] - Current renewal threshold is : 0
[${project.name}][${env:SERVER_PORT}] 2021-12-13 19:20:17,159 INFO [Eureka-EvictionTimer][AbstractInstanceRegistry.java:1250] - Running the evict task with compensationTime 14ms
[${project.name}][${env:SERVER_PORT}] 2021-12-13 19:20:27,168 INFO [Eureka-EvictionTimer][AbstractInstanceRegistry.java:1250] - Running the evict task with compensationTime 8ms
[${project.name}][${env:SERVER_PORT}] 2021-12-13 19:20:37,180 INFO [Eureka-EvictionTimer][AbstractInstanceRegistry.java:1250] - Running the evict task with compensationTime 12ms
[${project.name}][${env:SERVER_PORT}] 2021-12-13 19:20:47,183 INFO [Eureka-EvictionTimer][AbstractInstanceRegistry.java:1250] - Running the evict task with compensationTime 2ms
[${project.name}][${env:SERVER_PORT}] 2021-12-13 19:20:57,190 INFO [Eureka-EvictionTimer][AbstractInstanceRegistry.java:1250] - Running the evict task with compensationTime 6ms
[${project.name}][${env:SERVER_PORT}] 2021-12-13 19:21:07,192 INFO [Eureka-EvictionTimer][AbstractInstanceRegistry.java:1250] - Running the evict task with compensationTime 2ms
[${project.name}][${env:SERVER_PORT}] 2021-12-13 19:21:17,196 INFO [Eureka-EvictionTimer][AbstractInstanceRegistry.java:1250] - Running the evict task with compensationTime 3ms
[${project.name}][${env:SERVER_PORT}] 2021-12-13 19:21:27,199 INFO [Eureka-EvictionTimer][AbstractInstanceRegistry.java:1250] - Running the evict task with compensationTime 3ms
[${project.name}][${env:SERVER_PORT}] 2021-12-13 19:21:37,200 INFO [Eureka-EvictionTimer][AbstractInstanceRegistry.java:1250] - Running the evict task with compensationTime 1ms
[${project.name}][${env:SERVER_PORT}] 2021-12-13 19:21:47,207 INFO [Eureka-EvictionTimer][AbstractInstanceRegistry.java:1250] - Running the evict task with compensationTime 7ms
[${project.name}][${env:SERVER_PORT}] 2021-12-13 19:21:57,214 INFO [Eureka-EvictionTimer][AbstractInstanceRegistry.java:1250] - Running the evict task with compensationTime 6ms
[${project.name}][${env:SERVER_PORT}] 2021-12-13 19:22:07,221 INFO [Eureka-EvictionTimer][AbstractInstanceRegistry.java:1250] - Running the evict task with compensationTime 7ms
[${project.name}][${env:SERVER_PORT}] 2021-12-13 19:22:17,229 INFO [Eureka-EvictionTimer][AbstractInstanceRegistry.java:1250] - Running the evict task with compensationTime 7ms
[${project.name}][${env:SERVER_PORT}] 2021-12-13 19:22:18,696 INFO [AsyncResolver-bootstrap-executor-0][ConfigClusterResolver.java:43] - Resolving eureka endpoints via configuration
[${project.name}][${env:SERVER_PORT}] 2021-12-13 19:22:27,235 INFO [Eureka-EvictionTimer][AbstractInstanceRegistry.java:1250] - Running the evict task with compensationTime 6ms
[${project.name}][${env:SERVER_PORT}] 2021-12-13 19:22:37,241 INFO [Eureka-EvictionTimer][AbstractInstanceRegistry.java:1250] - Running the evict task with compensationTime 6ms
[${project.name}][${env:SERVER_PORT}] 2021-12-13 19:22:47,250 INFO [Eureka-EvictionTimer][AbstractInstanceRegistry.java:1250] - Running the evict task with compensationTime 8ms
[${project.name}][${env:SERVER_PORT}] 2021-12-13 19:22:57,255 INFO [Eureka-EvictionTimer][AbstractInstanceRegistry.java:1250] - Running the evict task with compensationTime 5ms
[${project.name}][${env:SERVER_PORT}] 2021-12-13 19:23:07,264 INFO [Eureka-EvictionTimer][AbstractInstanceRegistry.java:1250] - Running the evict task with compensationTime 8ms
[${project.name}][${env:SERVER_PORT}] 2021-12-13 19:23:17,271 INFO [Eureka-EvictionTimer][AbstractInstanceRegistry.java:1250] - Running the evict task with compensationTime 7ms
[${project.name}][${env:SERVER_PORT}] 2021-12-13 19:23:27,275 INFO [Eureka-EvictionTimer][AbstractInstanceRegistry.java:1250] - Running the evict task with compensationTime 3ms
[${project.name}][${env:SERVER_PORT}] 2021-12-13 19:23:37,278 INFO [Eureka-EvictionTimer][AbstractInstanceRegistry.java:1250] - Running the evict task with compensationTime 3ms
[${project.name}][${env:SERVER_PORT}] 2021-12-13 19:23:47,282 INFO [Eureka-EvictionTimer][AbstractInstanceRegistry.java:1250] - Running the evict task with compensationTime 3ms
[${project.name}][${env:SERVER_PORT}] 2021-12-13 19:23:57,291 INFO [Eureka-EvictionTimer][AbstractInstanceRegistry.java:1250] - Running the evict task with compensationTime 9ms
[${project.name}][${env:SERVER_PORT}] 2021-12-13 19:24:07,299 INFO [Eureka-EvictionTimer][AbstractInstanceRegistry.java:1250] - Running the evict task with compensationTime 8ms
[${project.name}][${env:SERVER_PORT}] 2021-12-13 19:24:17,303 INFO [Eureka-EvictionTimer][AbstractInstanceRegistry.java:1250] - Running the evict task with compensationTime 3ms
[${project.name}][${env:SERVER_PORT}] 2021-12-13 19:24:27,311 INFO [Eureka-EvictionTimer][AbstractInstanceRegistry.java:1250] - Running the evict task with compensationTime 7ms
[${project.name}][${env:SERVER_PORT}] 2021-12-13 19:24:37,317 INFO [Eureka-EvictionTimer][AbstractInstanceRegistry.java:1250] - Running the evict task with compensationTime 6ms
[${project.name}][${env:SERVER_PORT}] 2021-12-13 19:24:47,332 INFO [Eureka-EvictionTimer][AbstractInstanceRegistry.java:1250] - Running the evict task with compensationTime 14ms
[${project.name}][${env:SERVER_PORT}] 2021-12-13 19:24:57,334 INFO [Eureka-EvictionTimer][AbstractInstanceRegistry.java:1250] - Running the evict task with compensationTime 2ms
[${project.name}][${env:SERVER_PORT}] 2021-12-13 19:25:07,337 INFO [Eureka-EvictionTimer][AbstractInstanceRegistry.java:1250] - Running the evict task with compensationTime 2ms
[${project.name}][${env:SERVER_PORT}] 2021-12-13 19:25:17,349 INFO [Eureka-EvictionTimer][AbstractInstanceRegistry.java:1250] - Running the evict task with compensationTime 12ms
[${project.name}][${env:SERVER_PORT}] 2021-12-13 19:25:27,356 INFO [Eureka-EvictionTimer][AbstractInstanceRegistry.java:1250] - Running the evict task with compensationTime 6ms
[${project.name}][${env:SERVER_PORT}] 2021-12-13 19:25:37,364 INFO [Eureka-EvictionTimer][AbstractInstanceRegistry.java:1250] - Running the evict task with compensationTime 8ms
[${project.name}][${env:SERVER_PORT}] 2021-12-13 19:25:47,369 INFO [Eureka-EvictionTimer][AbstractInstanceRegistry.java:1250] - Running the evict task with compensationTime 5ms
[${project.name}][${env:SERVER_PORT}] 2021-12-13 19:25:57,377 INFO [Eureka-EvictionTimer][AbstractInstanceRegistry.java:1250] - Running the evict task with compensationTime 7ms
[${project.name}][${env:SERVER_PORT}] 2021-12-13 19:26:07,379 INFO [Eureka-EvictionTimer][AbstractInstanceRegistry.java:1250] - Running the evict task with compensationTime 2ms
[${project.name}][${env:SERVER_PORT}] 2021-12-13 19:26:17,389 INFO [Eureka-EvictionTimer][AbstractInstanceRegistry.java:1250] - Running the evict task with compensationTime 9ms
[${project.name}][${env:SERVER_PORT}] 2021-12-13 19:26:27,399 INFO [Eureka-EvictionTimer][AbstractInstanceRegistry.java:1250] - Running the evict task with compensationTime 9ms
[${project.name}][${env:SERVER_PORT}] 2021-12-13 19:26:37,401 INFO [Eureka-EvictionTimer][AbstractInstanceRegistry.java:1250] - Running the evict task with compensationTime 2ms
[${project.name}][${env:SERVER_PORT}] 2021-12-13 19:26:47,408 INFO [Eureka-EvictionTimer][AbstractInstanceRegistry.java:1250] - Running the evict task with compensationTime 7ms
[${project.name}][${env:SERVER_PORT}] 2021-12-13 19:26:57,422 INFO [Eureka-EvictionTimer][AbstractInstanceRegistry.java:1250] - Running the evict task with compensationTime 13ms
[${project.name}][${env:SERVER_PORT}] 2021-12-13 19:27:07,430 INFO [Eureka-EvictionTimer][AbstractInstanceRegistry.java:1250] - Running the evict task with compensationTime 8ms
[${project.name}][${env:SERVER_PORT}] 2021-12-13 19:27:17,445 INFO [Eureka-EvictionTimer][AbstractInstanceRegistry.java:1250] - Running the evict task with compensationTime 15ms
[${project.name}][${env:SERVER_PORT}] 2021-12-13 19:27:18,697 INFO [AsyncResolver-bootstrap-executor-0][ConfigClusterResolver.java:43] - Resolving eureka endpoints via configuration
[${project.name}][${env:SERVER_PORT}] 2021-12-13 19:27:27,453 INFO [Eureka-EvictionTimer][AbstractInstanceRegistry.java:1250] - Running the evict task with compensationTime 7ms
[${project.name}][${env:SERVER_PORT}] 2021-12-13 19:27:37,464 INFO [Eureka-EvictionTimer][AbstractInstanceRegistry.java:1250] - Running the evict task with compensationTime 10ms
[${project.name}][${env:SERVER_PORT}] 2021-12-13 19:27:47,470 INFO [Eureka-EvictionTimer][AbstractInstanceRegistry.java:1250] - Running the evict task with compensationTime 5ms
[${project.name}][${env:SERVER_PORT}] 2021-12-13 19:27:57,474 INFO [Eureka-EvictionTimer][AbstractInstanceRegistry.java:1250] - Running the evict task with compensationTime 4ms
[${project.name}][${env:SERVER_PORT}] 2021-12-13 19:28:07,480 INFO [Eureka-EvictionTimer][AbstractInstanceRegistry.java:1250] - Running the evict task with compensationTime 5ms
[${project.name}][${env:SERVER_PORT}] 2021-12-13 19:28:17,492 INFO [Eureka-EvictionTimer][AbstractInstanceRegistry.java:1250] - Running the evict task with compensationTime 12ms
[${project.name}][${env:SERVER_PORT}] 2021-12-13 19:28:27,499 INFO [Eureka-EvictionTimer][AbstractInstanceRegistry.java:1250] - Running the evict task with compensationTime 7ms
[${project.name}][${env:SERVER_PORT}] 2021-12-13 19:28:37,502 INFO [Eureka-EvictionTimer][AbstractInstanceRegistry.java:1250] - Running the evict task with compensationTime 3ms
[${project.name}][${env:SERVER_PORT}] 2021-12-13 19:28:47,505 INFO [Eureka-EvictionTimer][AbstractInstanceRegistry.java:1250] - Running the evict task with compensationTime 3ms
[${project.name}][${env:SERVER_PORT}] 2021-12-13 19:28:57,505 INFO [Eureka-EvictionTimer][AbstractInstanceRegistry.java:1250] - Running the evict task with compensationTime 0ms
[${project.name}][${env:SERVER_PORT}] 2021-12-13 19:29:07,514 INFO [Eureka-EvictionTimer][AbstractInstanceRegistry.java:1250] - Running the evict task with compensationTime 8ms
[${project.name}][${env:SERVER_PORT}] 2021-12-13 19:29:17,515 INFO [Eureka-EvictionTimer][AbstractInstanceRegistry.java:1250] - Running the evict task with compensationTime 1ms
[${project.name}][${env:SERVER_PORT}] 2021-12-13 19:29:27,518 INFO [Eureka-EvictionTimer][AbstractInstanceRegistry.java:1250] - Running the evict task with compensationTime 3ms
[${project.name}][${env:SERVER_PORT}] 2021-12-13 19:29:37,524 INFO [Eureka-EvictionTimer][AbstractInstanceRegistry.java:1250] - Running the evict task with compensationTime 5ms
[${project.name}][${env:SERVER_PORT}] 2021-12-13 19:29:47,525 INFO [Eureka-EvictionTimer][AbstractInstanceRegistry.java:1250] - Running the evict task with compensationTime 1ms
[${project.name}][${env:SERVER_PORT}] 2021-12-13 19:29:57,531 INFO [Eureka-EvictionTimer][AbstractInstanceRegistry.java:1250] - Running the evict task with compensationTime 5ms
[${project.name}][${env:SERVER_PORT}] 2021-12-13 19:30:07,539 INFO [Eureka-EvictionTimer][AbstractInstanceRegistry.java:1250] - Running the evict task with compensationTime 8ms
[${project.name}][${env:SERVER_PORT}] 2021-12-13 19:30:17,546 INFO [Eureka-EvictionTimer][AbstractInstanceRegistry.java:1250] - Running the evict task with compensationTime 7ms
[${project.name}][${env:SERVER_PORT}] 2021-12-13 19:30:27,553 INFO [Eureka-EvictionTimer][AbstractInstanceRegistry.java:1250] - Running the evict task with compensationTime 7ms
[${project.name}][${env:SERVER_PORT}] 2021-12-13 19:30:37,554 INFO [Eureka-EvictionTimer][AbstractInstanceRegistry.java:1250] - Running the evict task with compensationTime 0ms
[${project.name}][${env:SERVER_PORT}] 2021-12-13 19:30:47,558 INFO [Eureka-EvictionTimer][AbstractInstanceRegistry.java:1250] - Running the evict task with compensationTime 3ms
[${project.name}][${env:SERVER_PORT}] 2021-12-13 19:30:57,564 INFO [Eureka-EvictionTimer][AbstractInstanceRegistry.java:1250] - Running the evict task with compensationTime 6ms
[${project.name}][${env:SERVER_PORT}] 2021-12-13 19:31:07,568 INFO [Eureka-EvictionTimer][AbstractInstanceRegistry.java:1250] - Running the evict task with compensationTime 4ms
[${project.name}][${env:SERVER_PORT}] 2021-12-13 19:31:17,578 INFO [Eureka-EvictionTimer][AbstractInstanceRegistry.java:1250] - Running the evict task with compensationTime 9ms
[${project.name}][${env:SERVER_PORT}] 2021-12-13 19:31:27,588 INFO [Eureka-EvictionTimer][AbstractInstanceRegistry.java:1250] - Running the evict task with compensationTime 10ms
[${project.name}][${env:SERVER_PORT}] 2021-12-13 19:31:37,589 INFO [Eureka-EvictionTimer][AbstractInstanceRegistry.java:1250] - Running the evict task with compensationTime 0ms
[${project.name}][${env:SERVER_PORT}] 2021-12-13 19:31:47,598 INFO [Eureka-EvictionTimer][AbstractInstanceRegistry.java:1250] - Running the evict task with compensationTime 9ms
[${project.name}][${env:SERVER_PORT}] 2021-12-13 19:31:57,605 INFO [Eureka-EvictionTimer][AbstractInstanceRegistry.java:1250] - Running the evict task with compensationTime 6ms
[${project.name}][${env:SERVER_PORT}] 2021-12-13 19:32:07,614 INFO [Eureka-EvictionTimer][AbstractInstanceRegistry.java:1250] - Running the evict task with compensationTime 10ms
[${project.name}][${env:SERVER_PORT}] 2021-12-13 19:32:17,618 INFO [Eureka-EvictionTimer][AbstractInstanceRegistry.java:1250] - Running the evict task with compensationTime 3ms
[${project.name}][${env:SERVER_PORT}] 2021-12-13 19:32:18,705 INFO [AsyncResolver-bootstrap-executor-0][ConfigClusterResolver.java:43] - Resolving eureka endpoints via configuration
[${project.name}][${env:SERVER_PORT}] 2021-12-13 19:32:27,628 INFO [Eureka-EvictionTimer][AbstractInstanceRegistry.java:1250] - Running the evict task with compensationTime 9ms
[${project.name}][${env:SERVER_PORT}] 2021-12-13 19:32:37,630 INFO [Eureka-EvictionTimer][AbstractInstanceRegistry.java:1250] - Running the evict task with compensationTime 2ms
[${project.name}][${env:SERVER_PORT}] 2021-12-13 19:32:47,639 INFO [Eureka-EvictionTimer][AbstractInstanceRegistry.java:1250] - Running the evict task with compensationTime 8ms
[${project.name}][${env:SERVER_PORT}] 2021-12-13 19:32:57,649 INFO [Eureka-EvictionTimer][AbstractInstanceRegistry.java:1250] - Running the evict task with compensationTime 9ms
[${project.name}][${env:SERVER_PORT}] 2021-12-13 19:33:07,649 INFO [Eureka-EvictionTimer][AbstractInstanceRegistry.java:1250] - Running the evict task with compensationTime 0ms
[${project.name}][${env:SERVER_PORT}] 2021-12-13 19:33:17,653 INFO [Eureka-EvictionTimer][AbstractInstanceRegistry.java:1250] - Running the evict task with compensationTime 4ms
[${project.name}][${env:SERVER_PORT}] 2021-12-13 19:33:27,659 INFO [Eureka-EvictionTimer][AbstractInstanceRegistry.java:1250] - Running the evict task with compensationTime 5ms
[${project.name}][${env:SERVER_PORT}] 2021-12-13 19:33:37,663 INFO [Eureka-EvictionTimer][AbstractInstanceRegistry.java:1250] - Running the evict task with compensationTime 3ms
[${project.name}][${env:SERVER_PORT}] 2021-12-13 19:33:47,670 INFO [Eureka-EvictionTimer][AbstractInstanceRegistry.java:1250] - Running the evict task with compensationTime 7ms
[${project.name}][${env:SERVER_PORT}] 2021-12-13 19:33:57,674 INFO [Eureka-EvictionTimer][AbstractInstanceRegistry.java:1250] - Running the evict task with compensationTime 3ms
[${project.name}][${env:SERVER_PORT}] 2021-12-13 19:34:07,679 INFO [Eureka-EvictionTimer][AbstractInstanceRegistry.java:1250] - Running the evict task with compensationTime 5ms
[${project.name}][${env:SERVER_PORT}] 2021-12-13 19:34:17,681 INFO [Eureka-EvictionTimer][AbstractInstanceRegistry.java:1250] - Running the evict task with compensationTime 8ms
[${project.name}][${env:SERVER_PORT}] 2021-12-13 19:34:27,689 INFO [Eureka-EvictionTimer][AbstractInstanceRegistry.java:1250] - Running the evict task with compensationTime 1ms
[${project.name}][${env:SERVER_PORT}] 2021-12-13 19:34:37,696 INFO [Eureka-EvictionTimer][AbstractInstanceRegistry.java:1250] - Running the evict task with compensationTime 7ms
[${project.name}][${env:SERVER_PORT}] 2021-12-13 19:34:47,701 INFO [Eureka-EvictionTimer][AbstractInstanceRegistry.java:1250] - Running the evict task with compensationTime 4ms
[${project.name}][${env:SERVER_PORT}] 2021-12-13 19:34:57,709 INFO [Eureka-EvictionTimer][AbstractInstanceRegistry.java:1250] - Running the evict task with compensationTime 7ms
[${project.name}][${env:SERVER_PORT}] 2021-12-13 19:35:07,714 INFO [Eureka-EvictionTimer][AbstractInstanceRegistry.java:1250] - Running the evict task with compensationTime 5ms
[${project.name}][${env:SERVER_PORT}] 2021-12-13 19:35:09,846 INFO [ReplicaAwareInstanceRegistry - RenewalThresholdUpdater][PeerAwareInstanceRegistryImpl.java:539] - Current renewal threshold is : 0
[${project.name}][${env:SERVER_PORT}] 2021-12-13 19:35:17,722 INFO [Eureka-EvictionTimer][AbstractInstanceRegistry.java:1250] - Running the evict task with compensationTime 7ms
[${project.name}][${env:SERVER_PORT}] 2021-12-13 19:35:27,729 INFO [Eureka-EvictionTimer][AbstractInstanceRegistry.java:1250] - Running the evict task with compensationTime 7ms
[${project.name}][${env:SERVER_PORT}] 2021-12-13 19:35:37,738 INFO [Eureka-EvictionTimer][AbstractInstanceRegistry.java:1250] - Running the evict task with compensationTime 9ms
[${project.name}][${env:SERVER_PORT}] 2021-12-13 19:35:47,742 INFO [Eureka-EvictionTimer][AbstractInstanceRegistry.java:1250] - Running the evict task with compensationTime 4ms
[${project.name}][${env:SERVER_PORT}] 2021-12-13 19:35:57,745 INFO [Eureka-EvictionTimer][AbstractInstanceRegistry.java:1250] - Running the evict task with compensationTime 2ms
[${project.name}][${env:SERVER_PORT}] 2021-12-13 19:36:07,754 INFO [Eureka-EvictionTimer][AbstractInstanceRegistry.java:1250] - Running the evict task with compensationTime 8ms
[${project.name}][${env:SERVER_PORT}] 2021-12-13 19:36:17,763 INFO [Eureka-EvictionTimer][AbstractInstanceRegistry.java:1250] - Running the evict task with compensationTime 9ms
[${project.name}][${env:SERVER_PORT}] 2021-12-13 19:36:27,764 INFO [Eureka-EvictionTimer][AbstractInstanceRegistry.java:1250] - Running the evict task with compensationTime 0ms
[${project.name}][${env:SERVER_PORT}] 2021-12-13 19:36:37,765 INFO [Eureka-EvictionTimer][AbstractInstanceRegistry.java:1250] - Running the evict task with compensationTime 0ms
[${project.name}][${env:SERVER_PORT}] 2021-12-13 19:36:47,779 INFO [Eureka-EvictionTimer][AbstractInstanceRegistry.java:1250] - Running the evict task with compensationTime 14ms
[${project.name}][${env:SERVER_PORT}] 2021-12-13 19:36:57,794 INFO [Eureka-EvictionTimer][AbstractInstanceRegistry.java:1250] - Running the evict task with compensationTime 15ms
[${project.name}][${env:SERVER_PORT}] 2021-12-13 19:37:07,802 INFO [Eureka-EvictionTimer][AbstractInstanceRegistry.java:1250] - Running the evict task with compensationTime 8ms
[${project.name}][${env:SERVER_PORT}] 2021-12-13 19:37:17,814 INFO [Eureka-EvictionTimer][AbstractInstanceRegistry.java:1250] - Running the evict task with compensationTime 11ms
[${project.name}][${env:SERVER_PORT}] 2021-12-13 19:37:18,714 INFO [AsyncResolver-bootstrap-executor-0][ConfigClusterResolver.java:43] - Resolving eureka endpoints via configuration
[${project.name}][${env:SERVER_PORT}] 2021-12-13 19:37:27,819 INFO [Eureka-EvictionTimer][AbstractInstanceRegistry.java:1250] - Running the evict task with compensationTime 4ms
[${project.name}][${env:SERVER_PORT}] 2021-12-13 19:37:37,832 INFO [Eureka-EvictionTimer][AbstractInstanceRegistry.java:1250] - Running the evict task with compensationTime 12ms
[${project.name}][${env:SERVER_PORT}] 2021-12-13 19:37:47,845 INFO [Eureka-EvictionTimer][AbstractInstanceRegistry.java:1250] - Running the evict task with compensationTime 13ms
[${project.name}][${env:SERVER_PORT}] 2021-12-13 19:37:57,852 INFO [Eureka-EvictionTimer][AbstractInstanceRegistry.java:1250] - Running the evict task with compensationTime 6ms
[${project.name}][${env:SERVER_PORT}] 2021-12-13 19:38:07,852 INFO [Eureka-EvictionTimer][AbstractInstanceRegistry.java:1250] - Running the evict task with compensationTime 0ms
[${project.name}][${env:SERVER_PORT}] 2021-12-13 19:38:17,865 INFO [Eureka-EvictionTimer][AbstractInstanceRegistry.java:1250] - Running the evict task with compensationTime 13ms
[${project.name}][${env:SERVER_PORT}] 2021-12-13 19:38:27,871 INFO [Eureka-EvictionTimer][AbstractInstanceRegistry.java:1250] - Running the evict task with compensationTime 5ms
[${project.name}][${env:SERVER_PORT}] 2021-12-13 19:38:37,886 INFO [Eureka-EvictionTimer][AbstractInstanceRegistry.java:1250] - Running the evict task with compensationTime 15ms
[${project.name}][${env:SERVER_PORT}] 2021-12-13 19:38:47,897 INFO [Eureka-EvictionTimer][AbstractInstanceRegistry.java:1250] - Running the evict task with compensationTime 11ms
[${project.name}][${env:SERVER_PORT}] 2021-12-13 19:38:57,902 INFO [Eureka-EvictionTimer][AbstractInstanceRegistry.java:1250] - Running the evict task with compensationTime 5ms
[${project.name}][${env:SERVER_PORT}] 2021-12-13 19:39:07,913 INFO [Eureka-EvictionTimer][AbstractInstanceRegistry.java:1250] - Running the evict task with compensationTime 11ms
[${project.name}][${env:SERVER_PORT}] 2021-12-13 19:39:17,914 INFO [Eureka-EvictionTimer][AbstractInstanceRegistry.java:1250] - Running the evict task with compensationTime 1ms
[${project.name}][${env:SERVER_PORT}] 2021-12-13 19:39:27,929 INFO [Eureka-EvictionTimer][AbstractInstanceRegistry.java:1250] - Running the evict task with compensationTime 14ms
[${project.name}][${env:SERVER_PORT}] 2021-12-13 19:39:37,943 INFO [Eureka-EvictionTimer][AbstractInstanceRegistry.java:1250] - Running the evict task with compensationTime 13ms
[${project.name}][${env:SERVER_PORT}] 2021-12-13 19:39:47,944 INFO [Eureka-EvictionTimer][AbstractInstanceRegistry.java:1250] - Running the evict task with compensationTime 1ms
[${project.name}][${env:SERVER_PORT}] 2021-12-13 19:39:57,950 INFO [Eureka-EvictionTimer][AbstractInstanceRegistry.java:1250] - Running the evict task with compensationTime 5ms
[${project.name}][${env:SERVER_PORT}] 2021-12-13 19:40:07,954 INFO [Eureka-EvictionTimer][AbstractInstanceRegistry.java:1250] - Running the evict task with compensationTime 4ms
[${project.name}][${env:SERVER_PORT}] 2021-12-13 19:40:17,964 INFO [Eureka-EvictionTimer][AbstractInstanceRegistry.java:1250] - Running the evict task with compensationTime 9ms
[${project.name}][${env:SERVER_PORT}] 2021-12-13 19:40:27,978 INFO [Eureka-EvictionTimer][AbstractInstanceRegistry.java:1250] - Running the evict task with compensationTime 14ms
[${project.name}][${env:SERVER_PORT}] 2021-12-13 19:40:37,993 INFO [Eureka-EvictionTimer][AbstractInstanceRegistry.java:1250] - Running the evict task with compensationTime 14ms
[${project.name}][${env:SERVER_PORT}] 2021-12-13 19:40:48,000 INFO [Eureka-EvictionTimer][AbstractInstanceRegistry.java:1250] - Running the evict task with compensationTime 6ms
[${project.name}][${env:SERVER_PORT}] 2021-12-13 19:40:58,015 INFO [Eureka-EvictionTimer][AbstractInstanceRegistry.java:1250] - Running the evict task with compensationTime 15ms
[${project.name}][${env:SERVER_PORT}] 2021-12-13 19:41:08,025 INFO [Eureka-EvictionTimer][AbstractInstanceRegistry.java:1250] - Running the evict task with compensationTime 10ms
[${project.name}][${env:SERVER_PORT}] 2021-12-13 19:41:18,036 INFO [Eureka-EvictionTimer][AbstractInstanceRegistry.java:1250] - Running the evict task with compensationTime 10ms
[${project.name}][${env:SERVER_PORT}] 2021-12-13 19:41:28,047 INFO [Eureka-EvictionTimer][AbstractInstanceRegistry.java:1250] - Running the evict task with compensationTime 11ms
[${project.name}][${env:SERVER_PORT}] 2021-12-13 19:41:38,047 INFO [Eureka-EvictionTimer][AbstractInstanceRegistry.java:1250] - Running the evict task with compensationTime 0ms
[${project.name}][${env:SERVER_PORT}] 2021-12-13 19:41:48,058 INFO [Eureka-EvictionTimer][AbstractInstanceRegistry.java:1250] - Running the evict task with compensationTime 11ms
[${project.name}][${env:SERVER_PORT}] 2021-12-13 19:41:58,061 INFO [Eureka-EvictionTimer][AbstractInstanceRegistry.java:1250] - Running the evict task with compensationTime 2ms
[${project.name}][${env:SERVER_PORT}] 2021-12-13 19:42:08,063 INFO [Eureka-EvictionTimer][AbstractInstanceRegistry.java:1250] - Running the evict task with compensationTime 2ms
[${project.name}][${env:SERVER_PORT}] 2021-12-13 19:42:18,076 INFO [Eureka-EvictionTimer][AbstractInstanceRegistry.java:1250] - Running the evict task with compensationTime 13ms
[${project.name}][${env:SERVER_PORT}] 2021-12-13 19:42:18,715 INFO [AsyncResolver-bootstrap-executor-0][ConfigClusterResolver.java:43] - Resolving eureka endpoints via configuration
[${project.name}][${env:SERVER_PORT}] 2021-12-13 19:42:28,081 INFO [Eureka-EvictionTimer][AbstractInstanceRegistry.java:1250] - Running the evict task with compensationTime 5ms
[${project.name}][${env:SERVER_PORT}] 2021-12-13 19:42:38,086 INFO [Eureka-EvictionTimer][AbstractInstanceRegistry.java:1250] - Running the evict task with compensationTime 4ms
[${project.name}][${env:SERVER_PORT}] 2021-12-13 19:42:48,094 INFO [Eureka-EvictionTimer][AbstractInstanceRegistry.java:1250] - Running the evict task with compensationTime 7ms
[${project.name}][${env:SERVER_PORT}] 2021-12-13 19:42:58,094 INFO [Eureka-EvictionTimer][AbstractInstanceRegistry.java:1250] - Running the evict task with compensationTime 0ms
[${project.name}][${env:SERVER_PORT}] 2021-12-13 19:43:08,102 INFO [Eureka-EvictionTimer][AbstractInstanceRegistry.java:1250] - Running the evict task with compensationTime 7ms
[${project.name}][${env:SERVER_PORT}] 2021-12-13 19:43:18,108 INFO [Eureka-EvictionTimer][AbstractInstanceRegistry.java:1250] - Running the evict task with compensationTime 6ms
[${project.name}][${env:SERVER_PORT}] 2021-12-13 19:43:28,113 INFO [Eureka-EvictionTimer][AbstractInstanceRegistry.java:1250] - Running the evict task with compensationTime 4ms
[${project.name}][${env:SERVER_PORT}] 2021-12-13 19:43:38,118 INFO [Eureka-EvictionTimer][AbstractInstanceRegistry.java:1250] - Running the evict task with compensationTime 4ms
[${project.name}][${env:SERVER_PORT}] 2021-12-13 19:43:48,131 INFO [Eureka-EvictionTimer][AbstractInstanceRegistry.java:1250] - Running the evict task with compensationTime 13ms
[${project.name}][${env:SERVER_PORT}] 2021-12-13 19:43:58,139 INFO [Eureka-EvictionTimer][AbstractInstanceRegistry.java:1250] - Running the evict task with compensationTime 8ms
[${project.name}][${env:SERVER_PORT}] 2021-12-13 19:44:08,146 INFO [Eureka-EvictionTimer][AbstractInstanceRegistry.java:1250] - Running the evict task with compensationTime 6ms
[${project.name}][${env:SERVER_PORT}] 2021-12-13 19:44:18,156 INFO [Eureka-EvictionTimer][AbstractInstanceRegistry.java:1250] - Running the evict task with compensationTime 9ms
[${project.name}][${env:SERVER_PORT}] 2021-12-13 19:44:28,160 INFO [Eureka-EvictionTimer][AbstractInstanceRegistry.java:1250] - Running the evict task with compensationTime 4ms
[${project.name}][${env:SERVER_PORT}] 2021-12-13 19:44:38,168 INFO [Eureka-EvictionTimer][AbstractInstanceRegistry.java:1250] - Running the evict task with compensationTime 8ms
[${project.name}][${env:SERVER_PORT}] 2021-12-13 19:44:48,169 INFO [Eureka-EvictionTimer][AbstractInstanceRegistry.java:1250] - Running the evict task with compensationTime 1ms
[${project.name}][${env:SERVER_PORT}] 2021-12-13 19:44:58,183 INFO [Eureka-EvictionTimer][AbstractInstanceRegistry.java:1250] - Running the evict task with compensationTime 13ms
[${project.name}][${env:SERVER_PORT}] 2021-12-13 19:45:08,184 INFO [Eureka-EvictionTimer][AbstractInstanceRegistry.java:1250] - Running the evict task with compensationTime 0ms
[${project.name}][${env:SERVER_PORT}] 2021-12-13 19:45:18,184 INFO [Eureka-EvictionTimer][AbstractInstanceRegistry.java:1250] - Running the evict task with compensationTime 0ms
[${project.name}][${env:SERVER_PORT}] 2021-12-13 19:45:28,194 INFO [Eureka-EvictionTimer][AbstractInstanceRegistry.java:1250] - Running the evict task with compensationTime 9ms
[${project.name}][${env:SERVER_PORT}] 2021-12-13 19:45:38,194 INFO [Eureka-EvictionTimer][AbstractInstanceRegistry.java:1250] - Running the evict task with compensationTime 0ms
[${project.name}][${env:SERVER_PORT}] 2021-12-13 19:45:48,204 INFO [Eureka-EvictionTimer][AbstractInstanceRegistry.java:1250] - Running the evict task with compensationTime 9ms
[${project.name}][${env:SERVER_PORT}] 2021-12-13 19:45:58,205 INFO [Eureka-EvictionTimer][AbstractInstanceRegistry.java:1250] - Running the evict task with compensationTime 0ms
[${project.name}][${env:SERVER_PORT}] 2021-12-13 19:46:08,217 INFO [Eureka-EvictionTimer][AbstractInstanceRegistry.java:1250] - Running the evict task with compensationTime 11ms
[${project.name}][${env:SERVER_PORT}] 2021-12-13 19:46:18,220 INFO [Eureka-EvictionTimer][AbstractInstanceRegistry.java:1250] - Running the evict task with compensationTime 3ms
[${project.name}][${env:SERVER_PORT}] 2021-12-13 19:46:28,224 INFO [Eureka-EvictionTimer][AbstractInstanceRegistry.java:1250] - Running the evict task with compensationTime 3ms
[${project.name}][${env:SERVER_PORT}] 2021-12-13 19:46:38,226 INFO [Eureka-EvictionTimer][AbstractInstanceRegistry.java:1250] - Running the evict task with compensationTime 2ms
[${project.name}][${env:SERVER_PORT}] 2021-12-13 19:46:48,238 INFO [Eureka-EvictionTimer][AbstractInstanceRegistry.java:1250] - Running the evict task with compensationTime 11ms
[${project.name}][${env:SERVER_PORT}] 2021-12-13 19:46:58,247 INFO [Eureka-EvictionTimer][AbstractInstanceRegistry.java:1250] - Running the evict task with compensationTime 9ms
[${project.name}][${env:SERVER_PORT}] 2021-12-13 19:47:08,250 INFO [Eureka-EvictionTimer][AbstractInstanceRegistry.java:1250] - Running the evict task with compensationTime 2ms
[${project.name}][${env:SERVER_PORT}] 2021-12-13 19:47:18,262 INFO [Eureka-EvictionTimer][AbstractInstanceRegistry.java:1250] - Running the evict task with compensationTime 12ms
